This is LuaTeX, Version 1.0.4 (TeX Live 2017/Arch Linux)  (format=lualatex 2018.3.27)  22 APR 2018 10:30
 restricted system commands enabled.
**main.tex
(./main.tex
LaTeX2e <2017-04-15>
Lua module: luaotfload-main 2017/01/29 2.80001 OpenType layout system.
Lua module: lualibs 2017-02-01 2.5 ConTeXt Lua standard libraries.
Lua module: lualibs-extended 2017-02-01 2.5 ConTeXt Lua libraries -- extended co
llection.(using write cache: /home/mors/.texlive/texmf-var/luatex-cache/generic)
(using read cache: /var/lib/texmf/luatex-cache/generic /home/mors/.texlive/texmf
-var/luatex-cache/generic)
luaotfload | conf : Root cache directory is /home/mors/.texlive/texmf-var/luatex
-cache/generic/names.
luaotfload | init : Loading fontloader “fontloader-2017-02-11.lua” from kpse
-resolved path “/usr/share/texmf-dist/tex/luatex/luaotfload/fontloader-2017-02
-11.lua”.
Lua-only attribute luaotfload@state = 1
Lua-only attribute luaotfload@noligature = 2
Lua-only attribute luaotfload@syllabe = 3
luaotfload | init : Context OpenType loader version “3.027”
Inserting `luaotfload.node_processor' at position 1 in `pre_linebreak_filter'.
Inserting `luaotfload.node_processor' at position 1 in `hpack_filter'.
Inserting `luaotfload.define_font' at position 1 in `define_font'.
Lua-only attribute luaotfload_color_attribute = 4
luaotfload | conf : Root cache directory is /home/mors/.texlive/texmf-var/luatex
-cache/generic/names.
Inserting `luaotfload.aux.set_sscale_dimens' at position 1 in `luaotfload.patch_
font'.
Inserting `luaotfload.aux.patch_cambria_domh' at position 2 in `luaotfload.patch
_font'.
Inserting `luaotfload.aux.fixup_fontdata' at position 1 in `luaotfload.patch_fon
t_unsafe'.
Inserting `luaotfload.aux.set_capheight' at position 3 in `luaotfload.patch_font
'.
Inserting `luaotfload.rewrite_fontname' at position 4 in `luaotfload.patch_font'
.
luaotfload | main : initialization completed in 0.290 seconds
Babel <3.18> and hyphenation patterns for 1 language(s) loaded.
(/usr/share/texmf-dist/tex/latex/base/article.cls
Document Class: article 2014/09/29 v1.4h Standard LaTeX document class
(/usr/share/texmf-dist/tex/latex/base/size11.clo
File: size11.clo 2014/09/29 v1.4h Standard LaTeX file (size option)
luaotfload | db : Font names database loaded from /home/mors/.texlive/texmf-var/
luatex-cache/generic/names/luaotfload-names.luc(load luc: /home/mors/.texlive/te
xmf-var/luatex-cache/generic/fonts/otl/lmroman10-regular.luc))
\c@part=\count79
\c@section=\count80
\c@subsection=\count81
\c@subsubsection=\count82
\c@paragraph=\count83
\c@subparagraph=\count84
\c@figure=\count85
\c@table=\count86
\abovecaptionskip=\skip41
\belowcaptionskip=\skip42
\bibindent=\dimen102
)
(./Setting-report.tex (/usr/share/texmf-dist/tex/latex/base/inputenc.sty
Package: inputenc 2015/03/17 v1.2c Input encoding file
\inpenc@prehook=\toks14
\inpenc@posthook=\toks15


Package inputenc Warning: inputenc package ignored with utf8 based engines.

) (/usr/share/texmf-dist/tex/latex/graphics/graphicx.sty
Package: graphicx 2017/06/01 v1.1a Enhanced LaTeX Graphics (DPC,SPQR)

(/usr/share/texmf-dist/tex/latex/graphics/keyval.sty
Package: keyval 2014/10/28 v1.15 key=value parser (DPC)
\KV@toks@=\toks16
)
(/usr/share/texmf-dist/tex/latex/graphics/graphics.sty
Package: graphics 2017/06/25 v1.2c Standard LaTeX Graphics (DPC,SPQR)

(/usr/share/texmf-dist/tex/latex/graphics/trig.sty
Package: trig 2016/01/03 v1.10 sin cos tan (DPC)
)
(/usr/share/texmf-dist/tex/latex/graphics-cfg/graphics.cfg
File: graphics.cfg 2016/06/04 v1.11 sample graphics configuration
)
Package graphics Info: Driver file: luatex.def on input line 99.

(/usr/share/texmf-dist/tex/latex/graphics-def/luatex.def
File: luatex.def 2018/01/08 v1.0l Graphics/color driver for luatex
))
\Gin@req@height=\dimen103
\Gin@req@width=\dimen104
)
(/usr/share/texmf-dist/tex/latex/float/float.sty
Package: float 2001/11/08 v1.3d Float enhancements (AL)
\c@float@type=\count87
\float@exts=\toks17
\float@box=\box26
\@float@everytoks=\toks18
\@floatcapt=\box27
)
(/usr/share/texmf-dist/tex/latex/base/textcomp.sty
Package: textcomp 2017/04/05 v2.0i Standard LaTeX package
Package textcomp Info: Sub-encoding information:
(textcomp)               5 = only ISO-Adobe without \textcurrency
(textcomp)               4 = 5 + \texteuro
(textcomp)               3 = 4 + \textohm
(textcomp)               2 = 3 + \textestimated + \textcurrency
(textcomp)               1 = TS1 - \textcircled - \t
(textcomp)               0 = TS1 (full)
(textcomp)             Font families with sub-encoding setting implement
(textcomp)             only a restricted character set as indicated.
(textcomp)             Family '?' is the default used for unknown fonts.
(textcomp)             See the documentation for details.
Package textcomp Info: Setting ? sub-encoding to TS1/1 on input line 79.

(/usr/share/texmf-dist/tex/latex/base/ts1enc.def
File: ts1enc.def 2001/06/05 v3.0e (jk/car/fm) Standard LaTeX file
)
LaTeX Info: Redefining \oldstylenums on input line 334.
Package textcomp Info: Setting cmr sub-encoding to TS1/0 on input line 349.
Package textcomp Info: Setting cmss sub-encoding to TS1/0 on input line 350.
Package textcomp Info: Setting cmtt sub-encoding to TS1/0 on input line 351.
Package textcomp Info: Setting cmvtt sub-encoding to TS1/0 on input line 352.
Package textcomp Info: Setting cmbr sub-encoding to TS1/0 on input line 353.
Package textcomp Info: Setting cmtl sub-encoding to TS1/0 on input line 354.
Package textcomp Info: Setting ccr sub-encoding to TS1/0 on input line 355.
Package textcomp Info: Setting ptm sub-encoding to TS1/4 on input line 356.
Package textcomp Info: Setting pcr sub-encoding to TS1/4 on input line 357.
Package textcomp Info: Setting phv sub-encoding to TS1/4 on input line 358.
Package textcomp Info: Setting ppl sub-encoding to TS1/3 on input line 359.
Package textcomp Info: Setting pag sub-encoding to TS1/4 on input line 360.
Package textcomp Info: Setting pbk sub-encoding to TS1/4 on input line 361.
Package textcomp Info: Setting pnc sub-encoding to TS1/4 on input line 362.
Package textcomp Info: Setting pzc sub-encoding to TS1/4 on input line 363.
Package textcomp Info: Setting bch sub-encoding to TS1/4 on input line 364.
Package textcomp Info: Setting put sub-encoding to TS1/5 on input line 365.
Package textcomp Info: Setting uag sub-encoding to TS1/5 on input line 366.
Package textcomp Info: Setting ugq sub-encoding to TS1/5 on input line 367.
Package textcomp Info: Setting ul8 sub-encoding to TS1/4 on input line 368.
Package textcomp Info: Setting ul9 sub-encoding to TS1/4 on input line 369.
Package textcomp Info: Setting augie sub-encoding to TS1/5 on input line 370.
Package textcomp Info: Setting dayrom sub-encoding to TS1/3 on input line 371.
Package textcomp Info: Setting dayroms sub-encoding to TS1/3 on input line 372.
Package textcomp Info: Setting pxr sub-encoding to TS1/0 on input line 373.
Package textcomp Info: Setting pxss sub-encoding to TS1/0 on input line 374.
Package textcomp Info: Setting pxtt sub-encoding to TS1/0 on input line 375.
Package textcomp Info: Setting txr sub-encoding to TS1/0 on input line 376.
Package textcomp Info: Setting txss sub-encoding to TS1/0 on input line 377.
Package textcomp Info: Setting txtt sub-encoding to TS1/0 on input line 378.
Package textcomp Info: Setting lmr sub-encoding to TS1/0 on input line 379.
Package textcomp Info: Setting lmdh sub-encoding to TS1/0 on input line 380.
Package textcomp Info: Setting lmss sub-encoding to TS1/0 on input line 381.
Package textcomp Info: Setting lmssq sub-encoding to TS1/0 on input line 382.
Package textcomp Info: Setting lmvtt sub-encoding to TS1/0 on input line 383.
Package textcomp Info: Setting lmtt sub-encoding to TS1/0 on input line 384.
Package textcomp Info: Setting qhv sub-encoding to TS1/0 on input line 385.
Package textcomp Info: Setting qag sub-encoding to TS1/0 on input line 386.
Package textcomp Info: Setting qbk sub-encoding to TS1/0 on input line 387.
Package textcomp Info: Setting qcr sub-encoding to TS1/0 on input line 388.
Package textcomp Info: Setting qcs sub-encoding to TS1/0 on input line 389.
Package textcomp Info: Setting qpl sub-encoding to TS1/0 on input line 390.
Package textcomp Info: Setting qtm sub-encoding to TS1/0 on input line 391.
Package textcomp Info: Setting qzc sub-encoding to TS1/0 on input line 392.
Package textcomp Info: Setting qhvc sub-encoding to TS1/0 on input line 393.
Package textcomp Info: Setting futs sub-encoding to TS1/4 on input line 394.
Package textcomp Info: Setting futx sub-encoding to TS1/4 on input line 395.
Package textcomp Info: Setting futj sub-encoding to TS1/4 on input line 396.
Package textcomp Info: Setting hlh sub-encoding to TS1/3 on input line 397.
Package textcomp Info: Setting hls sub-encoding to TS1/3 on input line 398.
Package textcomp Info: Setting hlst sub-encoding to TS1/3 on input line 399.
Package textcomp Info: Setting hlct sub-encoding to TS1/5 on input line 400.
Package textcomp Info: Setting hlx sub-encoding to TS1/5 on input line 401.
Package textcomp Info: Setting hlce sub-encoding to TS1/5 on input line 402.
Package textcomp Info: Setting hlcn sub-encoding to TS1/5 on input line 403.
Package textcomp Info: Setting hlcw sub-encoding to TS1/5 on input line 404.
Package textcomp Info: Setting hlcf sub-encoding to TS1/5 on input line 405.
Package textcomp Info: Setting pplx sub-encoding to TS1/3 on input line 406.
Package textcomp Info: Setting pplj sub-encoding to TS1/3 on input line 407.
Package textcomp Info: Setting ptmx sub-encoding to TS1/4 on input line 408.
Package textcomp Info: Setting ptmj sub-encoding to TS1/4 on input line 409.
)
(/usr/share/texmf-dist/tex/latex/tools/afterpage.sty
Package: afterpage 2014/10/28 v1.08 After-Page Package (DPC)
\AP@output=\toks19
\AP@partial=\box28
\AP@footins=\box29
)
(/usr/share/texmf-dist/tex/latex/geometry/geometry.sty
Package: geometry 2010/09/12 v5.6 Page Geometry

(/usr/share/texmf-dist/tex/generic/oberdiek/ifpdf.sty
Package: ifpdf 2017/03/15 v3.2 Provides the ifpdf switch
)
(/usr/share/texmf-dist/tex/generic/oberdiek/ifvtex.sty
Package: ifvtex 2016/05/16 v1.6 Detect VTeX and its facilities (HO)
Package ifvtex Info: VTeX not detected.
)
(/usr/share/texmf-dist/tex/generic/ifxetex/ifxetex.sty
Package: ifxetex 2010/09/12 v0.6 Provides ifxetex conditional
)
\Gm@cnth=\count88
\Gm@cntv=\count89
\c@Gm@tempcnt=\count90
\Gm@bindingoffset=\dimen105
\Gm@wd@mp=\dimen106
\Gm@odd@mp=\dimen107
\Gm@even@mp=\dimen108
\Gm@layoutwidth=\dimen109
\Gm@layoutheight=\dimen110
\Gm@layouthoffset=\dimen111
\Gm@layoutvoffset=\dimen112
\Gm@dimlist=\toks20
)
(/usr/share/texmf-dist/tex/latex/booktabs/booktabs.sty
Package: booktabs 2016/04/27 v1.618033 publication quality tables
\heavyrulewidth=\dimen113
\lightrulewidth=\dimen114
\cmidrulewidth=\dimen115
\belowrulesep=\dimen116
\belowbottomsep=\dimen117
\aboverulesep=\dimen118
\abovetopsep=\dimen119
\cmidrulesep=\dimen120
\cmidrulekern=\dimen121
\defaultaddspace=\dimen122
\@cmidla=\count91
\@cmidlb=\count92
\@aboverulesep=\dimen123
\@belowrulesep=\dimen124
\@thisruleclass=\count93
\@lastruleclass=\count94
\@thisrulewidth=\dimen125
)
(/usr/share/texmf-dist/tex/latex/amsmath/amsmath.sty
Package: amsmath 2017/09/02 v2.17a AMS math features
\@mathmargin=\skip43

For additional information on amsmath, use the `?' option.
(/usr/share/texmf-dist/tex/latex/amsmath/amstext.sty
Package: amstext 2000/06/29 v2.01 AMS text

(/usr/share/texmf-dist/tex/latex/amsmath/amsgen.sty
File: amsgen.sty 1999/11/30 v2.0 generic functions
\@emptytoks=\toks21
\ex@=\dimen126
))
(/usr/share/texmf-dist/tex/latex/amsmath/amsbsy.sty
Package: amsbsy 1999/11/29 v1.2d Bold Symbols
\pmbraise@=\dimen127
)
(/usr/share/texmf-dist/tex/latex/amsmath/amsopn.sty
Package: amsopn 2016/03/08 v2.02 operator names
)
\inf@bad=\count95
LaTeX Info: Redefining \frac on input line 213.
\uproot@=\count96
\leftroot@=\count97
LaTeX Info: Redefining \overline on input line 375.
\classnum@=\count98
\DOTSCASE@=\count99
LaTeX Info: Redefining \ldots on input line 472.
LaTeX Info: Redefining \dots on input line 475.
LaTeX Info: Redefining \cdots on input line 596.
\Mathstrutbox@=\box30
\strutbox@=\box31
\big@size=\dimen128
LaTeX Font Info:    Redeclaring font encoding OML on input line 712.
LaTeX Font Info:    Redeclaring font encoding OMS on input line 713.
\macc@depth=\count100
\c@MaxMatrixCols=\count101
\dotsspace@=\muskip10
\c@parentequation=\count102
\dspbrk@lvl=\count103
\tag@help=\toks22
\row@=\count104
\column@=\count105
\maxfields@=\count106
\andhelp@=\toks23
\eqnshift@=\dimen129
\alignsep@=\dimen130
\tagshift@=\dimen131
\tagwidth@=\dimen132
\totwidth@=\dimen133
\lineht@=\dimen134
\@envbody=\toks24
\multlinegap=\skip44
\multlinetaggap=\skip45
\mathdisplay@stack=\toks25
LaTeX Info: Redefining \[ on input line 2817.
LaTeX Info: Redefining \] on input line 2818.
)
(/usr/share/texmf-dist/tex/latex/amsfonts/amsfonts.sty
Package: amsfonts 2013/01/14 v3.01 Basic AMSFonts support
\symAMSa=\mathgroup4
\symAMSb=\mathgroup5
LaTeX Font Info:    Overwriting math alphabet `\mathfrak' in version `bold'
(Font)                  U/euf/m/n --> U/euf/b/n on input line 106.
)
(/usr/share/texmf-dist/tex/latex/amsfonts/amssymb.sty
Package: amssymb 2013/01/14 v3.01 AMS font symbols
)
(/usr/share/texmf-dist/tex/latex/caption/caption.sty
Package: caption 2016/02/21 v3.3-144 Customizing captions (AR)

(/usr/share/texmf-dist/tex/latex/caption/caption3.sty
Package: caption3 2016/05/22 v1.7-166 caption3 kernel (AR)
Package caption3 Info: TeX engine: e-TeX on input line 67.
\captionmargin=\dimen135
\captionmargin@=\dimen136
\captionwidth=\dimen137
\caption@tempdima=\dimen138
\caption@indent=\dimen139
\caption@parindent=\dimen140
\caption@hangindent=\dimen141
)
\c@ContinuedFloat=\count107
Package caption Info: float package is loaded.
)
(/usr/share/texmf-dist/tex/latex/lipsum/lipsum.sty
Package: lipsum 2014/07/27 v1.3 150 paragraphs of Lorem Ipsum dummy text
\c@lips@count=\count108
)
(/usr/share/texmf-dist/tex/latex/subfig/subfig.sty
Package: subfig 2005/06/28 ver: 1.3 subfig package
\c@KVtest=\count109
\sf@farskip=\skip46
\sf@captopadj=\dimen142
\sf@capskip=\skip47
\sf@nearskip=\skip48
\c@subfigure=\count110
\c@subfigure@save=\count111
\c@lofdepth=\count112
\c@subtable=\count113
\c@subtable@save=\count114
\c@lotdepth=\count115
\sf@top=\skip49
\sf@bottom=\skip50
)
(/usr/share/texmf-dist/tex/latex/hyperref/hyperref.sty
Package: hyperref 2018/02/06 v6.86b Hypertext links for LaTeX

(/usr/share/texmf-dist/tex/generic/oberdiek/hobsub-hyperref.sty
Package: hobsub-hyperref 2016/05/16 v1.14 Bundle oberdiek, subset hyperref (HO)

(/usr/share/texmf-dist/tex/generic/oberdiek/hobsub-generic.sty
Package: hobsub-generic 2016/05/16 v1.14 Bundle oberdiek, subset generic (HO)
Package: hobsub 2016/05/16 v1.14 Construct package bundles (HO)
Package: infwarerr 2016/05/16 v1.4 Providing info/warning/error messages (HO)
Package: ltxcmds 2016/05/16 v1.23 LaTeX kernel commands for general use (HO)
Package: ifluatex 2016/05/16 v1.4 Provides the ifluatex switch (HO)
Package ifluatex Info: LuaTeX detected.
Package hobsub Info: Skipping package `ifvtex' (already loaded).
Package: intcalc 2016/05/16 v1.2 Expandable calculations with integers (HO)
Package hobsub Info: Skipping package `ifpdf' (already loaded).
Package: etexcmds 2016/05/16 v1.6 Avoid name clashes with e-TeX commands (HO)
Package: kvsetkeys 2016/05/16 v1.17 Key value parser (HO)
Package: kvdefinekeys 2016/05/16 v1.4 Define keys (HO)
Package: luatex-loader 2016/05/16 v0.6 Lua module loader (HO)

(/usr/share/texmf-dist/scripts/oberdiek/oberdiek.luatex.lua)
Package: pdftexcmds 2018/01/21 v0.26 Utility functions of pdfTeX for LuaTeX (HO)

Package pdftexcmds Info: \pdf@primitive is available.
Package pdftexcmds Info: \pdf@ifprimitive is available.
Package pdftexcmds Info: \pdfdraftmode found.
\pdftexcmds@toks=\toks26
Package: pdfescape 2016/05/16 v1.14 Implements pdfTeX's escape features (HO)
Package: bigintcalc 2016/05/16 v1.4 Expandable calculations on big integers (HO)

Package: bitset 2016/05/16 v1.2 Handle bit-vector datatype (HO)
Package: uniquecounter 2016/05/16 v1.3 Provide unlimited unique counter (HO)
)
Package hobsub Info: Skipping package `hobsub' (already loaded).
Package: letltxmacro 2016/05/16 v1.5 Let assignment for LaTeX macros (HO)
Package: hopatch 2016/05/16 v1.3 Wrapper for package hooks (HO)
Package: xcolor-patch 2016/05/16 xcolor patch
Package: atveryend 2016/05/16 v1.9 Hooks at the very end of document (HO)
Package atveryend Info: \AP@enddocument detected (standard20110627).
Package: atbegshi 2016/06/09 v1.18 At begin shipout hook (HO)
Package: refcount 2016/05/16 v3.5 Data extraction from label references (HO)
Package: hycolor 2016/05/16 v1.8 Color options for hyperref/bookmark (HO)
)
(/usr/share/texmf-dist/tex/latex/oberdiek/auxhook.sty
Package: auxhook 2016/05/16 v1.4 Hooks for auxiliary files (HO)
)
(/usr/share/texmf-dist/tex/latex/oberdiek/kvoptions.sty
Package: kvoptions 2016/05/16 v3.12 Key value format for package options (HO)
)
\@linkdim=\dimen143
\Hy@linkcounter=\count116
\Hy@pagecounter=\count117

(/usr/share/texmf-dist/tex/latex/hyperref/pd1enc.def
File: pd1enc.def 2018/02/06 v6.86b Hyperref: PDFDocEncoding definition (HO)
)
\Hy@SavedSpaceFactor=\count118

(/usr/share/texmf-dist/tex/latex/latexconfig/hyperref.cfg
File: hyperref.cfg 2002/06/06 v1.2 hyperref configuration of TeXLive
)
Package hyperref Info: Hyper figures OFF on input line 4509.
Package hyperref Info: Link nesting OFF on input line 4514.
Package hyperref Info: Hyper index ON on input line 4517.
Package hyperref Info: Plain pages OFF on input line 4524.
Package hyperref Info: Backreferencing OFF on input line 4529.
Package hyperref Info: Implicit mode ON; LaTeX internals redefined.
Package hyperref Info: Bookmarks ON on input line 4762.
\c@Hy@tempcnt=\count119

(/usr/share/texmf-dist/tex/latex/url/url.sty
\Urlmuskip=\muskip11
Package: url 2013/09/16  ver 3.4  Verb mode for urls, etc.
)
LaTeX Info: Redefining \url on input line 5115.
\XeTeXLinkMargin=\dimen144
\Fld@menulength=\count120
\Field@Width=\dimen145
\Fld@charsize=\dimen146
Package hyperref Info: Hyper figures OFF on input line 6369.
Package hyperref Info: Link nesting OFF on input line 6374.
Package hyperref Info: Hyper index ON on input line 6377.
Package hyperref Info: backreferencing OFF on input line 6384.
Package hyperref Info: Link coloring OFF on input line 6389.
Package hyperref Info: Link coloring with OCG OFF on input line 6394.
Package hyperref Info: PDF/A mode OFF on input line 6399.
LaTeX Info: Redefining \ref on input line 6439.
LaTeX Info: Redefining \pageref on input line 6443.
\Hy@abspage=\count121
\c@Item=\count122
\c@Hfootnote=\count123
)
Package hyperref Info: Driver (autodetected): hluatex.

(/usr/share/texmf-dist/tex/latex/hyperref/hluatex.def
File: hluatex.def 2018/02/06 v6.86b Hyperref driver for luaTeX
\Fld@listcount=\count124
\c@bookmark@seq@number=\count125

(/usr/share/texmf-dist/tex/latex/oberdiek/rerunfilecheck.sty
Package: rerunfilecheck 2016/05/16 v1.8 Rerun checks for auxiliary files (HO)
Package uniquecounter Info: New unique counter `rerunfilecheck' on input line 28
2.
)
\Hy@SectionHShift=\skip51
)) (./main.aux)
\openout1 = main.aux

LaTeX Font Info:    Checking defaults for OML/cmm/m/it on input line 10.
LaTeX Font Info:    ... okay on input line 10.
LaTeX Font Info:    Checking defaults for T1/cmr/m/n on input line 10.
LaTeX Font Info:    ... okay on input line 10.
LaTeX Font Info:    Checking defaults for OT1/cmr/m/n on input line 10.
LaTeX Font Info:    ... okay on input line 10.
LaTeX Font Info:    Checking defaults for OMS/cmsy/m/n on input line 10.
LaTeX Font Info:    ... okay on input line 10.
LaTeX Font Info:    Checking defaults for TU/lmr/m/n on input line 10.
LaTeX Font Info:    ... okay on input line 10.
LaTeX Font Info:    Checking defaults for OMX/cmex/m/n on input line 10.
LaTeX Font Info:    ... okay on input line 10.
LaTeX Font Info:    Checking defaults for U/cmr/m/n on input line 10.
LaTeX Font Info:    ... okay on input line 10.
LaTeX Font Info:    Checking defaults for TS1/cmr/m/n on input line 10.
LaTeX Font Info:    Try loading font information for TS1+cmr on input line 10.

(/usr/share/texmf-dist/tex/latex/base/ts1cmr.fd
File: ts1cmr.fd 2014/09/29 v2.5h Standard LaTeX font definitions
)
LaTeX Font Info:    ... okay on input line 10.
LaTeX Font Info:    Checking defaults for PD1/pdf/m/n on input line 10.
LaTeX Font Info:    ... okay on input line 10.

(/usr/share/texmf-dist/tex/context/base/mkii/supp-pdf.mkii
[Loading MPS to PDF converter (version 2006.09.02).]
\scratchcounter=\count126
\scratchdimen=\dimen147
\scratchbox=\box32
\nofMPsegments=\count127
\nofMParguments=\count128
\everyMPshowfont=\toks27
\MPscratchCnt=\count129
\MPscratchDim=\dimen148
\MPnumerator=\count130
\makeMPintoPDFobject=\count131
\everyMPtoPDFconversion=\toks28
) (/usr/share/texmf-dist/tex/latex/oberdiek/epstopdf-base.sty
Package: epstopdf-base 2016/05/15 v2.6 Base part for package epstopdf

(/usr/share/texmf-dist/tex/latex/oberdiek/grfext.sty
Package: grfext 2016/05/16 v1.2 Manage graphics extensions (HO)
)
Package epstopdf-base Info: Redefining graphics rule for `.eps' on input line 43
8.
Package grfext Info: Graphics extension search list:
(grfext)             [.pdf,.png,.jpg,.mps,.jpeg,.jbig2,.jb2,.PDF,.PNG,.JPG,.JPEG
,.JBIG2,.JB2,.eps]
(grfext)             \AppendGraphicsExtensions on input line 456.

(/usr/share/texmf-dist/tex/latex/latexconfig/epstopdf-sys.cfg
File: epstopdf-sys.cfg 2010/07/13 v1.3 Configuration of (r)epstopdf for TeX Live

))
*geometry* driver: auto-detecting
*geometry* detected driver: pdftex
*geometry* verbose mode - [ preamble ] result:
* driver: pdftex
* paper: a4paper
* layout: <same size as paper>
* layoutoffset:(h,v)=(0.0pt,0.0pt)
* bindingoffset: 14.22636pt
* modes: heightrounded 
* h-part:(L,W,R)=(99.58464pt, 384.11223pt, 99.58464pt)
* v-part:(T,H,B)=(85.35826pt, 674.33032pt, 85.35826pt)
* \paperwidth=597.50787pt
* \paperheight=845.04684pt
* \textwidth=384.11223pt
* \textheight=677.4003pt
* \oddsidemargin=41.54102pt
* \evensidemargin=27.31465pt
* \topmargin=-23.91173pt
* \headheight=12.0pt
* \headsep=25.0pt
* \topskip=11.0pt
* \footskip=30.0pt
* \marginparwidth=50.0pt
* \marginparsep=10.0pt
* \columnsep=10.0pt
* \skip\footins=10.0pt plus 4.0pt minus 2.0pt
* \hoffset=0.0pt
* \voffset=0.0pt
* \mag=1000
* \@twocolumnfalse
* \@twosidefalse
* \@mparswitchfalse
* \@reversemarginfalse
* (1in=72.27pt=25.4mm, 1cm=28.453pt)

Package caption Info: Begin \AtBeginDocument code.
Package caption Info: subfig package v1.3 is loaded.
Package caption Info: hyperref package is loaded.
Package caption Info: End \AtBeginDocument code.
\AtBeginShipoutBox=\box33
Package hyperref Info: Link coloring OFF on input line 10.
(/usr/share/texmf-dist/tex/latex/hyperref/nameref.sty
Package: nameref 2016/05/21 v2.44 Cross-referencing by name of section

(/usr/share/texmf-dist/tex/generic/oberdiek/gettitlestring.sty
Package: gettitlestring 2016/05/16 v1.5 Cleanup title references (HO)
)
\c@section@level=\count132
)
LaTeX Info: Redefining \ref on input line 10.
LaTeX Info: Redefining \pageref on input line 10.
LaTeX Info: Redefining \nameref on input line 10.
 (./main.out)
(./main.out)
\@outlinefile=\write3

\openout3 = main.out
 (./Title.tex(load luc: /home/mors/.texlive/texmf-var/luatex-cache/generic/fonts
/otl/lmroman17-regular.luc)
<immagini/logo_unipd.jpg, id=4, 377.4903pt x 375.3222pt>
File: immagini/logo_unipd.jpg Graphic file (type jpg)
<use immagini/logo_unipd.jpg>
Package luatex.def Info: immagini/logo_unipd.jpg  used on input line 8.
(luatex.def)             Requested size: 56.6211pt x 56.2959pt.
(load luc: /home/mors/.texlive/texmf-var/luatex-cache/generic/fonts/otl/lmroman1
2-regular.luc)(load luc: /home/mors/.texlive/texmf-var/luatex-cache/generic/font
s/otl/lmromancaps10-regular.luc)

LaTeX Font Warning: Font shape `TU/lmr/bx/sc' undefined
(Font)              using `TU/lmr/bx/n' instead on input line 17.

(load luc: /home/mors/.texlive/texmf-var/luatex-cache/generic/fonts/otl/lmroman1
2-bold.luc)(load luc: /home/mors/.texlive/texmf-var/luatex-cache/generic/fonts/o
tl/lmroman10-bold.luc) [1

{/var/lib/texmf/fonts/map/pdftex/updmap/pdftex.map}<./immagini/logo_unipd.jpg>]
) (./Section/Introduction.tex(load luc: /home/mors/.texlive/texmf-var/luatex-cac
he/generic/fonts/otl/lmroman10-italic.luc)
<immagini/gausledge.pdf, id=18, 569.12625pt x 320.19624pt>
File: immagini/gausledge.pdf Graphic file (type pdf)
<use immagini/gausledge.pdf>
Package luatex.def Info: immagini/gausledge.pdf  used on input line 10.
(luatex.def)             Requested size: 184.37222pt x 103.7303pt.
(load luc: /home/mors/.texlive/texmf-var/luatex-cache/generic/fonts/otl/lmroman9
-regular.luc)(load luc: /home/mors/.texlive/texmf-var/luatex-cache/generic/fonts
/otl/lmroman9-italic.luc)
<immagini/gauscfd.pdf, id=19, 569.12625pt x 320.19624pt>
File: immagini/gauscfd.pdf Graphic file (type pdf)
<use immagini/gauscfd.pdf>
Package luatex.def Info: immagini/gauscfd.pdf  used on input line 12.
(luatex.def)             Requested size: 184.37222pt x 103.7303pt.

warning  (pdf backend): ignoring duplicate destination with the name 'page.1'
[1<./immagini/gausledge.pdf><./immagini/gauscfd.pdf>]
<immagini/SetUp.pdf, id=124, 1203.70259pt x 677.3664pt>
File: immagini/SetUp.pdf Graphic file (type pdf)
<use immagini/SetUp.pdf>
Package luatex.def Info: immagini/SetUp.pdf  used on input line 36.
(luatex.def)             Requested size: 384.11223pt x 216.15186pt.
)
(./Section/Calibration.tex
LaTeX Font Info:    Try loading font information for U+msa on input line 4.
 (/usr/share/texmf-dist/tex/latex/amsfonts/umsa.fd
File: umsa.fd 2013/01/14 v3.01 AMS symbols A
)
LaTeX Font Info:    Try loading font information for U+msb on input line 4.

(/usr/share/texmf-dist/tex/latex/amsfonts/umsb.fd
File: umsb.fd 2013/01/14 v3.01 AMS symbols B
)
<immagini/d1_spectrum_qlong.pdf, id=126, 569.12625pt x 387.44753pt>
File: immagini/d1_spectrum_qlong.pdf Graphic file (type pdf)
<use immagini/d1_spectrum_qlong.pdf>
Package luatex.def Info: immagini/d1_spectrum_qlong.pdf  used on input line 9.
(luatex.def)             Requested size: 172.84932pt x 117.67175pt.
<immagini/d2_spectrum_qlong.pdf, id=127, 569.45647pt x 387.65227pt>
File: immagini/d2_spectrum_qlong.pdf Graphic file (type pdf)
<use immagini/d2_spectrum_qlong.pdf>
Package luatex.def Info: immagini/d2_spectrum_qlong.pdf  used on input line 11.
(luatex.def)             Requested size: 172.84932pt x 117.66296pt.


LaTeX Warning: `!h' float specifier changed to `!ht'.

Package epstopdf Info: Source file: <immagini/smeared_spectra.eps>
(epstopdf)                    date: 2018-02-04 23:42:57
(epstopdf)                    size: 2029460 bytes
(epstopdf)             Output file: <immagini/smeared_spectra-eps-converted-to.p
df>
(epstopdf)                    date: 2018-02-04 23:42:57
(epstopdf)                    size: 96405 bytes
(epstopdf)             Command: <repstopdf --outfile=immagini/smeared_spectra-ep
s-converted-to.pdf immagini/smeared_spectra.eps>
(epstopdf)             \includegraphics on input line 19.
Package epstopdf Info: Output file is already uptodate.
<immagini/smeared_spectra-eps-converted-to.pdf, id=129, 569.12625pt x 381.425pt>

File: immagini/smeared_spectra-eps-converted-to.pdf Graphic file (type pdf)
<use immagini/smeared_spectra-eps-converted-to.pdf>
Package luatex.def Info: immagini/smeared_spectra-eps-converted-to.pdf  used on 
input line 19.
(luatex.def)             Requested size: 307.29095pt x 205.95479pt.

LaTeX Warning: `!h' float specifier changed to `!ht'.

[2<./immagini/SetUp.pdf>] [3<./immagini/d1_spectrum_qlong.pdf><./immagini/d2_spe
ctrum_qlong.pdf><./immagini/smeared_spectra-eps-converted-to.pdf>]
Package epstopdf Info: Source file: <immagini/calibrated_spectra_d1.eps>
(epstopdf)                    date: 2018-02-04 23:42:57
(epstopdf)                    size: 17761 bytes
(epstopdf)             Output file: <immagini/calibrated_spectra_d1-eps-converte
d-to.pdf>
(epstopdf)                    date: 2018-02-04 23:42:57
(epstopdf)                    size: 20631 bytes
(epstopdf)             Command: <repstopdf --outfile=immagini/calibrated_spectra
_d1-eps-converted-to.pdf immagini/calibrated_spectra_d1.eps>
(epstopdf)             \includegraphics on input line 78.
Package epstopdf Info: Output file is already uptodate.
<immagini/calibrated_spectra_d1-eps-converted-to.pdf, id=339, 569.12625pt x 387.
44753pt>
File: immagini/calibrated_spectra_d1-eps-converted-to.pdf Graphic file (type pdf
)
<use immagini/calibrated_spectra_d1-eps-converted-to.pdf>
Package luatex.def Info: immagini/calibrated_spectra_d1-eps-converted-to.pdf  us
ed on input line 78.
(luatex.def)             Requested size: 172.84932pt x 117.67175pt.
Package epstopdf Info: Source file: <immagini/calibrated_spectra_d2.eps>
(epstopdf)                    date: 2018-02-04 23:42:57
(epstopdf)                    size: 17960 bytes
(epstopdf)             Output file: <immagini/calibrated_spectra_d2-eps-converte
d-to.pdf>
(epstopdf)                    date: 2018-02-04 23:42:57
(epstopdf)                    size: 20494 bytes
(epstopdf)             Command: <repstopdf --outfile=immagini/calibrated_spectra
_d2-eps-converted-to.pdf immagini/calibrated_spectra_d2.eps>
(epstopdf)             \includegraphics on input line 80.
Package epstopdf Info: Output file is already uptodate.
<immagini/calibrated_spectra_d2-eps-converted-to.pdf, id=340, 569.12625pt x 387.
44753pt>
File: immagini/calibrated_spectra_d2-eps-converted-to.pdf Graphic file (type pdf
)
<use immagini/calibrated_spectra_d2-eps-converted-to.pdf>
Package luatex.def Info: immagini/calibrated_spectra_d2-eps-converted-to.pdf  us
ed on input line 80.
(luatex.def)             Requested size: 172.84932pt x 117.67175pt.
 [4<./immagini/calibrated_spectra_d1-eps-converted-to.pdf><./immagini/calibrated
_spectra_d2-eps-converted-to.pdf>]
<immagini/tac_uncalibrated_spectrum.pdf, id=381, 569.12625pt x 387.44753pt>
File: immagini/tac_uncalibrated_spectrum.pdf Graphic file (type pdf)
<use immagini/tac_uncalibrated_spectrum.pdf>
Package luatex.def Info: immagini/tac_uncalibrated_spectrum.pdf  used on input l
ine 90.
(luatex.def)             Requested size: 307.29095pt x 209.20673pt.
<immagini/fit_calibrazione_tac.pdf, id=382, 569.12625pt x 387.4475pt>
File: immagini/fit_calibrazione_tac.pdf Graphic file (type pdf)
<use immagini/fit_calibrazione_tac.pdf>
Package luatex.def Info: immagini/fit_calibrazione_tac.pdf  used on input line 9
9.
(luatex.def)             Requested size: 230.46968pt x 156.89763pt.

Overfull \hbox (19.11412pt too wide) in paragraph at lines 106--117
 [][] 
 []


Overfull \hbox (21.63766pt too wide) in paragraph at lines 97--119
[][]  [] 
 []

[5

<./immagini/tac_uncalibrated_spectrum.pdf><./immagini/fit_calibrazione_tac.pdf>]) (./Section/AnalogTiming.tex
<immagini/CFD_del_opt.pdf, id=501, 569.12625pt x 347.2975pt>
File: immagini/CFD_del_opt.pdf Graphic file (type pdf)
<use immagini/CFD_del_opt.pdf>
Package luatex.def Info: immagini/CFD_del_opt.pdf  used on input line 6.
(luatex.def)             Requested size: 384.11223pt x 234.40509pt.
 [6<./immagini/CFD_del_opt.pdf>]
<immagini/SlicedTACdists.pdf, id=558, 569.12625pt x 313.17pt>
File: immagini/SlicedTACdists.pdf Graphic file (type pdf)
<use immagini/SlicedTACdists.pdf>
Package luatex.def Info: immagini/SlicedTACdists.pdf  used on input line 26.
(luatex.def)             Requested size: 384.11223pt x 211.37106pt.
<immagini/SlicedTAC_FWHMvs2Ddist.pdf, id=560, 569.12625pt x 347.2975pt>
File: immagini/SlicedTAC_FWHMvs2Ddist.pdf Graphic file (type pdf)
<use immagini/SlicedTAC_FWHMvs2Ddist.pdf>
Package luatex.def Info: immagini/SlicedTAC_FWHMvs2Ddist.pdf  used on input line
 34.
(luatex.def)             Requested size: 384.11223pt x 234.40509pt.
<immagini/ThresholdTAC_dists.pdf, id=562, 569.12625pt x 313.17pt>
File: immagini/ThresholdTAC_dists.pdf Graphic file (type pdf)
<use immagini/ThresholdTAC_dists.pdf>
Package luatex.def Info: immagini/ThresholdTAC_dists.pdf  used on input line 44.

(luatex.def)             Requested size: 384.11223pt x 211.37106pt.
 [7<./immagini/SlicedTACdists.pdf><./immagini/SlicedTAC_FWHMvs2Ddist.pdf>]
<immagini/ThresholdTAC_FWHMvs2Ddist.pdf, id=1264, 569.12625pt x 347.2975pt>
File: immagini/ThresholdTAC_FWHMvs2Ddist.pdf Graphic file (type pdf)
<use immagini/ThresholdTAC_FWHMvs2Ddist.pdf>
Package luatex.def Info: immagini/ThresholdTAC_FWHMvs2Ddist.pdf  used on input l
ine 53.
(luatex.def)             Requested size: 384.11223pt x 234.40509pt.
 [8<./immagini/ThresholdTAC_dists.pdf><./immagini/ThresholdTAC_FWHMvs2Ddist.pdf>
]
<immagini/Slice_thresh_comparison.pdf, id=1952, 569.12625pt x 347.2975pt>
File: immagini/Slice_thresh_comparison.pdf Graphic file (type pdf)
<use immagini/Slice_thresh_comparison.pdf>
Package luatex.def Info: immagini/Slice_thresh_comparison.pdf  used on input lin
e 65.
(luatex.def)             Requested size: 384.11223pt x 234.40509pt.
)
(./Section/DigitalTiming.tex
<immagini/AverageCFD.pdf, id=1954, 569.12625pt x 347.2975pt>
File: immagini/AverageCFD.pdf Graphic file (type pdf)
<use immagini/AverageCFD.pdf>
Package luatex.def Info: immagini/AverageCFD.pdf  used on input line 12.
(luatex.def)             Requested size: 384.11223pt x 234.40509pt.


LaTeX Warning: `!h' float specifier changed to `!ht'.

[9<./immagini/Slice_thresh_comparison.pdf>]
Underfull \hbox (badness 10000) in paragraph at lines 18--21

 []

<immagini/2_8surf.pdf, id=2014, 569.12625pt x 347.2975pt>
File: immagini/2_8surf.pdf Graphic file (type pdf)
<use immagini/2_8surf.pdf>
Package luatex.def Info: immagini/2_8surf.pdf  used on input line 37.
(luatex.def)             Requested size: 384.11223pt x 234.40509pt.
[10<./immagini/AverageCFD.pdf>]
<immagini/2_8int_surf.pdf, id=2124, 569.12625pt x 347.2975pt>
File: immagini/2_8int_surf.pdf Graphic file (type pdf)
<use immagini/2_8int_surf.pdf>
Package luatex.def Info: immagini/2_8int_surf.pdf  used on input line 44.
(luatex.def)             Requested size: 384.11223pt x 234.40509pt.
(load luc: /home/mors/.texlive/texmf-var/luatex-cache/generic/fonts/otl/lmroman8
-regular.luc)(load luc: /home/mors/.texlive/texmf-var/luatex-cache/generic/fonts
/otl/lmroman6-regular.luc)
<immagini/8_14_frac.pdf, id=2126, 569.12625pt x 347.2975pt>
File: immagini/8_14_frac.pdf Graphic file (type pdf)
<use immagini/8_14_frac.pdf>
Package luatex.def Info: immagini/8_14_frac.pdf  used on input line 60.
(luatex.def)             Requested size: 184.37222pt x 112.51pt.
<immagini/8_14_del.pdf, id=2127, 569.12625pt x 347.2975pt>
File: immagini/8_14_del.pdf Graphic file (type pdf)
<use immagini/8_14_del.pdf>
Package luatex.def Info: immagini/8_14_del.pdf  used on input line 62.
(luatex.def)             Requested size: 184.37222pt x 112.51pt.
 [11<./immagini/2_8surf.pdf><./immagini/2_8int_surf.pdf>]
<immagini/ZCL_opt.pdf, id=2299, 569.12625pt x 308.15125pt>
File: immagini/ZCL_opt.pdf Graphic file (type pdf)
<use immagini/ZCL_opt.pdf>
Package luatex.def Info: immagini/ZCL_opt.pdf  used on input line 71.
(luatex.def)             Requested size: 384.11223pt x 207.9837pt.
<immagini/dist.pdf, id=2302, 569.12625pt x 315.1775pt>
File: immagini/dist.pdf Graphic file (type pdf)
<use immagini/dist.pdf>
Package luatex.def Info: immagini/dist.pdf  used on input line 80.
(luatex.def)             Requested size: 384.11223pt x 212.72601pt.
 [12<./immagini/8_14_frac.pdf><./immagini/8_14_del.pdf><./immagini/ZCL_opt.pdf>]
<immagini/digi_timing.pdf, id=2452, 569.12625pt x 443.6575pt>
File: immagini/digi_timing.pdf Graphic file (type pdf)
<use immagini/digi_timing.pdf>
Package luatex.def Info: immagini/digi_timing.pdf  used on input line 87.
(luatex.def)             Requested size: 384.11223pt x 299.44234pt.
) (./Section/SpeedofLight.tex
<immagini/Light_Speed_setup.pdf, id=2454, 859.28107pt x 219.06146pt>
File: immagini/Light_Speed_setup.pdf Graphic file (type pdf)
<use immagini/Light_Speed_setup.pdf>
Package luatex.def Info: immagini/Light_Speed_setup.pdf  used on input line 5.
(luatex.def)             Requested size: 307.29095pt x 78.3406pt.
 [13<./immagini/dist.pdf><./immagini/digi_timing.pdf>]
<immagini/TACoverlayed_dist.pdf, id=2552, 569.12625pt x 347.2975pt>
File: immagini/TACoverlayed_dist.pdf Graphic file (type pdf)
<use immagini/TACoverlayed_dist.pdf>
Package luatex.def Info: immagini/TACoverlayed_dist.pdf  used on input line 29.
(luatex.def)             Requested size: 307.29095pt x 187.52725pt.
<immagini/Speed_fit.pdf, id=2554, 569.12625pt x 347.2975pt>
File: immagini/Speed_fit.pdf Graphic file (type pdf)
<use immagini/Speed_fit.pdf>
Package luatex.def Info: immagini/Speed_fit.pdf  used on input line 39.
(luatex.def)             Requested size: 230.46968pt x 140.63881pt.

Overfull \hbox (17.00337pt too wide) in paragraph at lines 46--58
 [][] 
 []


Overfull \hbox (21.63766pt too wide) in paragraph at lines 37--60
[][]  [] 
 []

[14<./immagini/Light_Speed_setup.pdf><./immagini/TACoverlayed_dist.pdf>])
(./Section/Conclusion.tex)
Package atveryend Info: Empty hook `BeforeClearDocument' on input line 26.
 [15<./immagini/Speed_fit.pdf>]
Package atveryend Info: Empty hook `AfterLastShipout' on input line 26.
 (./main.aux)
Package atveryend Info: Executing hook `AtVeryEndDocument' on input line 26.
Package atveryend Info: Executing hook `AtEndAfterFileList' on input line 26.
Package rerunfilecheck Info: File `main.out' has not changed.
(rerunfilecheck)             Checksum: D41D8CD98F00B204E9800998ECF8427E;0.


LaTeX Font Warning: Some font shapes were not available, defaults substituted.


LaTeX Warning: Label(s) may have changed. Rerun to get cross-references right.

Package atveryend Info: Empty hook `AtVeryVeryEnd' on input line 26.
)

Here is how much of LuaTeX's memory you used:
 9332 strings out of 494480
 100000,383344 words of node,token memory allocated
 491 words of node memory still in use:
   5 hlist, 2 vlist, 2 rule, 2 glue, 1 kern, 14 attribute, 54 glue_spec, 14 attr
ibute_list, 1 write nodes
   avail lists: 1:1,2:377,3:165,4:15,5:165,6:2793,7:672,8:89,9:186,10:13,11:274
 12617 multiletter control sequences out of 65536+600000
 49 fonts using 3737183 bytes
 38i,11n,49p,886b,449s stack positions out of 5000i,500n,10000p,200000b,100000s

warning  (pdf backend): unreferenced destination with name 'figure.caption.38'

warning  (pdf backend): unreferenced destination with name 'figure.caption.34'

warning  (pdf backend): unreferenced destination with name 'figure.caption.26'

warning  (pdf backend): unreferenced destination with name 'figure.caption.24'

warning  (pdf backend): unreferenced destination with name 'figure.caption.21'

warning  (pdf backend): unreferenced destination with name 'figure.caption.17'

warning  (pdf backend): unreferenced destination with name 'figure.caption.15'

warning  (pdf backend): unreferenced destination with name 'figure.caption.12'

warning  (pdf backend): unreferenced destination with name 'table.caption.11'
</usr/share/texmf-dist/fonts/opentype/public/lm/lmroman8-regular.otf></usr/share
/texmf-dist/fonts/opentype/public/lm/lmroman9-italic.otf></usr/share/texmf-dist/
fonts/opentype/public/lm/lmroman9-regular.otf></usr/share/texmf-dist/fonts/opent
ype/public/lm/lmroman10-italic.otf></usr/share/texmf-dist/fonts/opentype/public/
lm/lmroman10-bold.otf></usr/share/texmf-dist/fonts/opentype/public/lm/lmroman12-
bold.otf></usr/share/texmf-dist/fonts/opentype/public/lm/lmroman10-regular.otf><
/usr/share/texmf-dist/fonts/opentype/public/lm/lmroman12-regular.otf></usr/share
/texmf-dist/fonts/opentype/public/lm/lmroman17-regular.otf></usr/share/texmf-dis
t/fonts/type1/public/amsfonts/cm/cmbx10.pfb></usr/share/texmf-dist/fonts/type1/p
ublic/amsfonts/cm/cmbx8.pfb></usr/share/texmf-dist/fonts/type1/public/amsfonts/c
m/cmex10.pfb></usr/share/texmf-dist/fonts/type1/public/amsfonts/cm/cmmi10.pfb></
usr/share/texmf-dist/fonts/type1/public/amsfonts/cm/cmmi8.pfb></usr/share/texmf-
dist/fonts/type1/public/amsfonts/cm/cmr10.pfb></usr/share/texmf-dist/fonts/type1
/public/amsfonts/cm/cmr6.pfb></usr/share/texmf-dist/fonts/type1/public/amsfonts/
cm/cmr8.pfb></usr/share/texmf-dist/fonts/type1/public/amsfonts/cm/cmsy10.pfb></u
sr/share/texmf-dist/fonts/type1/public/amsfonts/cm/cmsy6.pfb></usr/share/texmf-d
ist/fonts/type1/public/amsfonts/cm/cmsy8.pfb>
Output written on main.pdf (16 pages, 2995203 bytes).

PDF statistics: 2768 PDF objects out of 2984 (max. 8388607)
 1727 compressed objects within 18 object streams
 73 named destinations out of 1000 (max. 131072)
 1 words of extra memory for PDF output out of 10000 (max. 100000000)

